<?xml version="1.0" encoding="UTF-8"?>
<!-- Generated by org.testng.reporters.JUnitReportReporter -->
<testsuite hostname="Atul" failures="0" tests="3" name="TestRunner.TestNGTestRunnerHelperAttributes" time="0.127" errors="0" timestamp="2023-09-05T23:17:39 IST" skipped="0">
  <testcase classname="TestRunner.TestNGTestRunnerHelperAttributes" name="runScenario" time="0.005"/>
  <system-out/>
  <testcase classname="TestRunner.TestNGTestRunnerHelperAttributes" name="runScenario" time="0.115"/>
  <system-out/>
  <testcase classname="TestRunner.TestNGTestRunnerHelperAttributes" name="runScenario" time="0.007"/>
  <system-out/>
</testsuite> <!-- TestRunner.TestNGTestRunnerHelperAttributes -->
