<?xml version="1.0" encoding="UTF-8"?>
<!-- Generated by org.testng.reporters.JUnitReportReporter -->
<testsuite hostname="Atul" failures="0" tests="1" name="TestRunner.TestNGTestRunnerTags" time="0.107" errors="0" timestamp="2023-09-05T22:59:50 IST" skipped="0">
  <testcase classname="TestRunner.TestNGTestRunnerTags" name="runScenario" time="0.107"/>
  <system-out/>
</testsuite> <!-- TestRunner.TestNGTestRunnerTags -->
