<?xml version="1.0" encoding="UTF-8"?>
<!-- Generated by org.testng.reporters.JUnitReportReporter -->
<testsuite hostname="Atul" failures="0" tests="6" name="TestRunner.TestNGTestRunnerReports" time="0.285" errors="0" timestamp="2023-09-05T22:59:41 IST" skipped="0">
  <testcase classname="TestRunner.TestNGTestRunnerReports" name="runScenario" time="0.041"/>
  <system-out/>
  <testcase classname="TestRunner.TestNGTestRunnerReports" name="runScenario" time="0.137"/>
  <system-out/>
  <testcase classname="TestRunner.TestNGTestRunnerReports" name="runScenario" time="0.029"/>
  <system-out/>
  <testcase classname="TestRunner.TestNGTestRunnerReports" name="runScenario" time="0.014"/>
  <system-out/>
  <testcase classname="TestRunner.TestNGTestRunnerReports" name="runScenario" time="0.009"/>
  <system-out/>
  <testcase classname="TestRunner.TestNGTestRunnerReports" name="runScenario" time="0.055"/>
  <system-out/>
</testsuite> <!-- TestRunner.TestNGTestRunnerReports -->
