<?xml version="1.0" encoding="UTF-8"?>
<!-- Generated by org.testng.reporters.JUnitReportReporter -->
<testsuite hostname="Atul" failures="0" tests="1" name="TestRunner.TestNGTestRunnerHooks" time="0.127" errors="0" timestamp="2023-09-05T22:59:31 IST" skipped="0">
  <testcase classname="TestRunner.TestNGTestRunnerHooks" name="runScenario" time="0.127"/>
  <system-out/>
</testsuite> <!-- TestRunner.TestNGTestRunnerHooks -->
